java.io.IOException: Cannot run program "/home/alex/.sdkman/candidates/java/current/bin/java" (in directory "/home/alex/.config/nvimlight/lua"): error=2, No such file or directory
  java.base@17.0.6/java.lang.ProcessBuilder.start(ProcessBuilder.java:1143)
  java.base@17.0.6/java.lang.ProcessBuilder.start(ProcessBuilder.java:1073)
  os.proc.proc$lzyINIT1$1(ProcessOps.scala:343)
  os.proc.os$proc$$_$proc$1(ProcessOps.scala:349)
  os.proc.spawn(ProcessOps.scala:353)
  os.proc.spawn(ProcessOps.scala:377)
  os.proc.call(ProcessOps.scala:222)
  scala.build.internal.OsLibc$.javaVersion(OsLibc.scala:78)
  scala.build.options.BuildOptions$JavaHomeInfo$.apply(BuildOptions.scala:628)
  scala.build.options.BuildOptions.javaCommand0$lzyINIT1$$anonfun$1(BuildOptions.scala:238)
  scala.build.Positioned.map(Positioned.scala:15)
  scala.build.options.BuildOptions.javaCommand0$lzyINIT1(BuildOptions.scala:238)
  scala.build.options.BuildOptions.javaCommand0(BuildOptions.scala:238)
  scala.build.options.BuildOptions.javaHome(BuildOptions.scala:246)
  scala.cli.commands.repl.Repl$.maybeRunRepl$1(Repl.scala:428)
  scala.cli.commands.repl.Repl$.runRepl$$anonfun$1(Repl.scala:495)
  scala.runtime.function.JProcedure1.apply(JProcedure1.java:15)
  scala.runtime.function.JProcedure1.apply(JProcedure1.java:10)
  scala.build.EitherCps$Helper.apply(EitherCps.scala:19)
  scala.cli.commands.repl.Repl$.runRepl(Repl.scala:300)
  scala.cli.commands.repl.Repl$.doRunRepl$1(Repl.scala:153)
  scala.cli.commands.repl.Repl$.runThing$1(Repl.scala:205)
  scala.cli.commands.repl.Repl$.runCommand(Repl.scala:208)
  scala.cli.commands.default.Default.runCommand(Default.scala:61)
  scala.cli.commands.default.Default.runCommand(Default.scala:40)
  scala.cli.commands.ScalaCommand.run(ScalaCommand.scala:398)
  scala.cli.commands.ScalaCommand.run(ScalaCommand.scala:379)
  caseapp.core.app.CaseApp.main(CaseApp.scala:166)
  scala.cli.commands.ScalaCommand.main(ScalaCommand.scala:364)
  caseapp.core.app.CommandsEntryPoint.main(CommandsEntryPoint.scala:370)
  scala.cli.ScalaCliCommands.main(ScalaCliCommands.scala:125)
  scala.cli.ScalaCli$.main0(ScalaCli.scala:324)
  scala.cli.ScalaCli$.main(ScalaCli.scala:122)
  scala.cli.ScalaCli.main(ScalaCli.scala)
java.io.IOException: error=2, No such file or directory
  java.base@17.0.6/java.lang.ProcessImpl.forkAndExec(ProcessImpl.java)
  java.base@17.0.6/java.lang.ProcessImpl.<init>(ProcessImpl.java:314)
  java.base@17.0.6/java.lang.ProcessImpl.start(ProcessImpl.java:244)
  java.base@17.0.6/java.lang.ProcessBuilder.start(ProcessBuilder.java:1110)
  java.base@17.0.6/java.lang.ProcessBuilder.start(ProcessBuilder.java:1073)
  os.proc.proc$lzyINIT1$1(ProcessOps.scala:343)
  os.proc.os$proc$$_$proc$1(ProcessOps.scala:349)
  os.proc.spawn(ProcessOps.scala:353)
  os.proc.spawn(ProcessOps.scala:377)
  os.proc.call(ProcessOps.scala:222)
  scala.build.internal.OsLibc$.javaVersion(OsLibc.scala:78)
  scala.build.options.BuildOptions$JavaHomeInfo$.apply(BuildOptions.scala:628)
  scala.build.options.BuildOptions.javaCommand0$lzyINIT1$$anonfun$1(BuildOptions.scala:238)
  scala.build.Positioned.map(Positioned.scala:15)
  scala.build.options.BuildOptions.javaCommand0$lzyINIT1(BuildOptions.scala:238)
  scala.build.options.BuildOptions.javaCommand0(BuildOptions.scala:238)
  scala.build.options.BuildOptions.javaHome(BuildOptions.scala:246)
  scala.cli.commands.repl.Repl$.maybeRunRepl$1(Repl.scala:428)
  scala.cli.commands.repl.Repl$.runRepl$$anonfun$1(Repl.scala:495)
  scala.runtime.function.JProcedure1.apply(JProcedure1.java:15)
  scala.runtime.function.JProcedure1.apply(JProcedure1.java:10)
  scala.build.EitherCps$Helper.apply(EitherCps.scala:19)
  scala.cli.commands.repl.Repl$.runRepl(Repl.scala:300)
  scala.cli.commands.repl.Repl$.doRunRepl$1(Repl.scala:153)
  scala.cli.commands.repl.Repl$.runThing$1(Repl.scala:205)
  scala.cli.commands.repl.Repl$.runCommand(Repl.scala:208)
  scala.cli.commands.default.Default.runCommand(Default.scala:61)
  scala.cli.commands.default.Default.runCommand(Default.scala:40)
  scala.cli.commands.ScalaCommand.run(ScalaCommand.scala:398)
  scala.cli.commands.ScalaCommand.run(ScalaCommand.scala:379)
  caseapp.core.app.CaseApp.main(CaseApp.scala:166)
  scala.cli.commands.ScalaCommand.main(ScalaCommand.scala:364)
  caseapp.core.app.CommandsEntryPoint.main(CommandsEntryPoint.scala:370)
  scala.cli.ScalaCliCommands.main(ScalaCliCommands.scala:125)
  scala.cli.ScalaCli$.main0(ScalaCli.scala:324)
  scala.cli.ScalaCli$.main(ScalaCli.scala:122)
  scala.cli.ScalaCli.main(ScalaCli.scala)
